<?xml version="1.0" encoding="UTF-8"?>
<testsuite xmlns:xsi="http://www.w3.org/2001/XMLSchema-instance" xsi:noNamespaceSchemaLocation="https://maven.apache.org/surefire/maven-surefire-plugin/xsd/surefire-test-report.xsd" name="Google Title Test" time="0.214" tests="10" errors="0" skipped="0" failures="0">
  <properties>
[...]
</properties>
  <testcase name="Test #1" classname="Google Title Test" time="0.12"/>
  <testcase name="Test #2" classname="Google Title Test" time="0.011"/>
  <testcase name="Test #3" classname="Google Title Test" time="0.02"/>
  <testcase name="Test #4" classname="Google Title Test" time="0.013"/>
  <testcase name="Test #5" classname="Google Title Test" time="0.007"/>
  <testcase name="Test2" classname="Google Title Test" time="0.014"/>
  <testcase name="Test #6" classname="Google Title Test" time="0.005"/>
  <testcase name="Test #7" classname="Google Title Test" time="0.009"/>
  <testcase name="Test #8" classname="Google Title Test" time="0.007"/>
  <testcase name="Test #9" classname="Google Title Test" time="0.003"/>
</testsuite>