<?xml version="1.0" encoding="UTF-8" standalone="no"?>
<testsuite errors="0" failures="1" name="io.cucumber.core.plugin.JUnitFormatter" skipped="0" tests="2" time="9.311">
    <testcase classname="Google Title Test" name="Test" time="6.692">
        <system-out><![CDATA[Given User goes to google home page.........................................passed
And User gets the title of the page.........................................passed
Then User validates the title...............................................passed
]]></system-out>
    </testcase>
    <testcase classname="Google Title Test" name="Test2" time="2.485">
        <failure message="" type="java.lang.AssertionError"><![CDATA[Given User goes to google home page.........................................passed
And User gets the url of the page...........................................passed
Then User validates the url.................................................failed

StackTrace:
java.lang.AssertionError
	at org.junit.Assert.fail(Assert.java:87)
	at org.junit.Assert.assertTrue(Assert.java:42)
	at org.junit.Assert.assertTrue(Assert.java:53)
	at stepdefinitions.GoogleTitleStepDefs.userValidatesTheUrl(GoogleTitleStepDefs.java:39)
	at âœ½.User validates the url(file:///Users/senolsahin/IdeaProjects/JenkinsCucumberDemo/./src/test/resources/features/google.feature:12)
]]></failure>
    </testcase>
</testsuite>
